[ 2016-08-11T09:10:59+08:00 ] 127.0.0.1 /admin.php?c=Login&a=Check
INFO: [ app_begin ] --START--
INFO: Run Behavior\ReadHtmlCacheBehavior [ RunTime:0.001001s ]
INFO: [ app_begin ] --END-- [ RunTime:0.002001s ]
SQL: SHOW COLUMNS FROM `admin` [ RunTime:0.0468s ]
SQL: SELECT * FROM `admin` WHERE `username` = 'admin' LIMIT 1   [ RunTime:0.0000s ]

[ 2016-08-11T09:11:10+08:00 ] 127.0.0.1 /admin.php?c=content
ERR: 无法加载控制器:Content

[ 2016-08-11T09:17:06+08:00 ] 127.0.0.1 /admin.php?c=image&a=ajaxuploadimage
ERR: 无法加载控制器:Image

[ 2016-08-11T09:58:14+08:00 ] 127.0.0.1 /admin.php?c=image&a=ajaxUploadImage
ERR: 1146:La table 'thinkphp.upload_image' n'existe pas
 [ SQL语句 ] : SHOW COLUMNS FROM `upload_image`

[ 2016-08-11T09:59:22+08:00 ] 127.0.0.1 /admin.php?c=image&a=ajaxUploadImage
ERR: 1146:La table 'thinkphp.upload_image' n'existe pas
 [ SQL语句 ] : SHOW COLUMNS FROM `upload_image`

[ 2016-08-11T10:03:14+08:00 ] 127.0.0.1 /admin.php?c=image&a=ajaxUploadImage
ERR: 1146:La table 'thinkphp.upload_image' n'existe pas
 [ SQL语句 ] : SHOW COLUMNS FROM `upload_image`

[ 2016-08-11T10:06:29+08:00 ] 127.0.0.1 /admin.php?c=image&a=ajaxUploadImage
ERR: 1146:La table 'thinkphp.upload_image' n'existe pas
 [ SQL语句 ] : SHOW COLUMNS FROM `upload_image`

[ 2016-08-11T10:09:31+08:00 ] 127.0.0.1 /admin.php?c=image&a=ajaxUploadImage
ERR: 1146:La table 'thinkphp.upload_image' n'existe pas
 [ SQL语句 ] : SHOW COLUMNS FROM `upload_image`

[ 2016-08-11T10:18:13+08:00 ] 127.0.0.1 /admin.php?c=image&a=ajaxUploadImage
ERR: 1146:La table 'thinkphp.upload_image' n'existe pas
 [ SQL语句 ] : SHOW COLUMNS FROM `upload_image`

[ 2016-08-11T10:24:46+08:00 ] 127.0.0.1 /admin.php?c=image&a=ajaxuploadimage
ERR: 1146:La table 'thinkphp.upload_image' n'existe pas
 [ SQL语句 ] : SHOW COLUMNS FROM `upload_image`

[ 2016-08-11T10:41:57+08:00 ] 127.0.0.1 /admin.php?c=image&a=ajaxuploadimage
ERR: 1146:La table 'thinkphp.upload_image' n'existe pas
 [ SQL语句 ] : SHOW COLUMNS FROM `upload_image`

[ 2016-08-11T10:42:26+08:00 ] 127.0.0.1 /admin.php?c=image&a=ajaxuploadimage
ERR: 1146:La table 'thinkphp.upload_image' n'existe pas
 [ SQL语句 ] : SHOW COLUMNS FROM `upload_image`

[ 2016-08-11T10:43:09+08:00 ] 127.0.0.1 /admin.php?c=image&a=ajaxuploadimage
ERR: 1146:La table 'thinkphp.upload_image' n'existe pas
 [ SQL语句 ] : SHOW COLUMNS FROM `upload_image`

[ 2016-08-11T10:43:50+08:00 ] 127.0.0.1 /admin.php?c=image&a=ajaxuploadimage
ERR: 1146:La table 'thinkphp.upload_image' n'existe pas
 [ SQL语句 ] : SHOW COLUMNS FROM `upload_image`

[ 2016-08-11T10:44:17+08:00 ] 127.0.0.1 /admin.php?c=image&a=ajaxuploadimage
ERR: 1146:La table 'thinkphp.upload_image' n'existe pas
 [ SQL语句 ] : SHOW COLUMNS FROM `upload_image`

[ 2016-08-11T10:45:02+08:00 ] 127.0.0.1 /admin.php?c=image&a=ajaxuploadimage
ERR: 1146:La table 'thinkphp.upload_image' n'existe pas
 [ SQL语句 ] : SHOW COLUMNS FROM `upload_image`

[ 2016-08-11T10:47:00+08:00 ] 127.0.0.1 /admin.php?c=image&a=ajaxuploadimage
ERR: 1146:La table 'thinkphp.upload_image' n'existe pas
 [ SQL语句 ] : SHOW COLUMNS FROM `upload_image`

[ 2016-08-11T10:47:40+08:00 ] 127.0.0.1 /admin.php?c=image&a=ajaxuploadimage
ERR: 1146:La table 'thinkphp.upload_image' n'existe pas
 [ SQL语句 ] : SHOW COLUMNS FROM `upload_image`

[ 2016-08-11T10:48:04+08:00 ] 127.0.0.1 /admin.php?c=image&a=ajaxuploadimage
ERR: 1146:La table 'thinkphp.upload_image' n'existe pas
 [ SQL语句 ] : SHOW COLUMNS FROM `upload_image`

[ 2016-08-11T10:48:25+08:00 ] 127.0.0.1 /admin.php?c=image&a=ajaxuploadimage
ERR: 1146:La table 'thinkphp.upload_image' n'existe pas
 [ SQL语句 ] : SHOW COLUMNS FROM `upload_image`

[ 2016-08-11T15:08:56+08:00 ] 127.0.0.1 /admin.php?c=content&a=add
INFO: [ app_begin ] --START--
INFO: Run Behavior\ReadHtmlCacheBehavior [ RunTime:0.003000s ]
INFO: [ app_begin ] --END-- [ RunTime:0.004000s ]

[ 2016-08-11T15:09:01+08:00 ] 127.0.0.1 /admin.php?c=content&a=add
INFO: [ app_begin ] --START--
INFO: Run Behavior\ReadHtmlCacheBehavior [ RunTime:0.003000s ]
INFO: [ app_begin ] --END-- [ RunTime:0.004000s ]

[ 2016-08-11T15:09:10+08:00 ] 127.0.0.1 /admin.php?c=content&a=add
INFO: [ app_begin ] --START--
INFO: Run Behavior\ReadHtmlCacheBehavior [ RunTime:0.002000s ]
INFO: [ app_begin ] --END-- [ RunTime:0.004000s ]

[ 2016-08-11T15:10:56+08:00 ] 127.0.0.1 /admin.php?c=content&a=add
INFO: [ app_begin ] --START--
INFO: Run Behavior\ReadHtmlCacheBehavior [ RunTime:0.003001s ]
INFO: [ app_begin ] --END-- [ RunTime:0.004001s ]
SQL: SHOW COLUMNS FROM `news` [ RunTime:0.0070s ]
NOTIC: [8] Undefined variable: _session C:\wamp\www\tpwww\workspace\Application\Common\Common\function.php 第 86 行.
SQL: INSERT INTO `news` (`title`,`small_title`,`thumb`,`title_font_color`,`catid`,`copyfrom`,`description`,`keywords`,`create_time`,`username`) VALUES ('www','WWW','/upload/2016/08/11/57ac24fb33541.png','#5674ed','8','0','WWW','WWW','1470899456','') [ RunTime:0.0010s ]
ERR: 1146:La table 'thinkphp.newscontent' n'existe pas
 [ SQL语句 ] : SHOW COLUMNS FROM `newscontent`
ERR: 1146:La table 'thinkphp.newscontent' n'existe pas
 [ SQL语句 ] : SHOW COLUMNS FROM `newscontent`

[ 2016-08-11T15:10:59+08:00 ] 127.0.0.1 /admin.php?c=content&a=add
INFO: [ app_begin ] --START--
INFO: Run Behavior\ReadHtmlCacheBehavior [ RunTime:0.002000s ]
INFO: [ app_begin ] --END-- [ RunTime:0.003000s ]
SQL: SHOW COLUMNS FROM `news` [ RunTime:0.0000s ]
NOTIC: [8] Undefined variable: _session C:\wamp\www\tpwww\workspace\Application\Common\Common\function.php 第 86 行.
SQL: INSERT INTO `news` (`title`,`small_title`,`thumb`,`title_font_color`,`catid`,`copyfrom`,`description`,`keywords`,`create_time`,`username`) VALUES ('www','WWW','/upload/2016/08/11/57ac24fb33541.png','#5674ed','8','0','WWW','WWW','1470899459','') [ RunTime:0.0000s ]
ERR: 1146:La table 'thinkphp.newscontent' n'existe pas
 [ SQL语句 ] : SHOW COLUMNS FROM `newscontent`
ERR: 1146:La table 'thinkphp.newscontent' n'existe pas
 [ SQL语句 ] : SHOW COLUMNS FROM `newscontent`

[ 2016-08-11T15:13:45+08:00 ] 127.0.0.1 /admin.php?c=content&a=add
INFO: [ app_begin ] --START--
INFO: Run Behavior\ReadHtmlCacheBehavior [ RunTime:0.002000s ]
INFO: [ app_begin ] --END-- [ RunTime:0.003000s ]
SQL: SHOW COLUMNS FROM `news` [ RunTime:0.0000s ]
NOTIC: [8] Undefined variable: _session C:\wamp\www\tpwww\workspace\Application\Common\Common\function.php 第 86 行.
SQL: INSERT INTO `news` (`title`,`small_title`,`thumb`,`title_font_color`,`catid`,`copyfrom`,`description`,`keywords`,`create_time`,`username`) VALUES ('www','WWW','/upload/2016/08/11/57ac24fb33541.png','#5674ed','8','0','WWW','WWW','1470899625','') [ RunTime:0.0000s ]
ERR: 1146:La table 'thinkphp.newscontent' n'existe pas
 [ SQL语句 ] : SHOW COLUMNS FROM `newscontent`
ERR: 1146:La table 'thinkphp.newscontent' n'existe pas
 [ SQL语句 ] : SHOW COLUMNS FROM `newscontent`

[ 2016-08-11T15:15:08+08:00 ] 127.0.0.1 /admin.php?c=content&a=add
INFO: [ app_begin ] --START--
INFO: Run Behavior\ReadHtmlCacheBehavior [ RunTime:0.002001s ]
INFO: [ app_begin ] --END-- [ RunTime:0.004001s ]
SQL: SHOW COLUMNS FROM `news` [ RunTime:0.0000s ]
NOTIC: [8] Undefined variable: _session C:\wamp\www\tpwww\workspace\Application\Common\Common\function.php 第 86 行.
SQL: INSERT INTO `news` (`title`,`small_title`,`thumb`,`title_font_color`,`catid`,`copyfrom`,`description`,`keywords`,`create_time`,`username`) VALUES ('www','WWW','/upload/2016/08/11/57ac24fb33541.png','#5674ed','8','0','WWW','WWW','1470899708','') [ RunTime:0.0000s ]

[ 2016-08-11T15:15:38+08:00 ] 127.0.0.1 /admin.php?c=content&a=add
INFO: [ app_begin ] --START--
INFO: Run Behavior\ReadHtmlCacheBehavior [ RunTime:0.002000s ]
INFO: [ app_begin ] --END-- [ RunTime:0.003000s ]
SQL: SHOW COLUMNS FROM `news` [ RunTime:0.0000s ]
NOTIC: [8] Undefined variable: _session C:\wamp\www\tpwww\workspace\Application\Common\Common\function.php 第 86 行.
SQL: INSERT INTO `news` (`title`,`small_title`,`thumb`,`title_font_color`,`catid`,`copyfrom`,`description`,`keywords`,`create_time`,`username`) VALUES ('www','WWW','/upload/2016/08/11/57ac24fb33541.png','#5674ed','8','0','WWW','WWW','1470899738','') [ RunTime:0.0000s ]
SQL: SHOW COLUMNS FROM `news_content` [ RunTime:0.0156s ]
SQL: INSERT INTO `news_content` (`content`,`create_time`) VALUES ('WWW','1470899738') [ RunTime:0.0000s ]

[ 2016-08-11T15:17:47+08:00 ] 127.0.0.1 /admin.php?c=content&a=add
INFO: [ app_begin ] --START--
INFO: Run Behavior\ReadHtmlCacheBehavior [ RunTime:0.005000s ]
INFO: [ app_begin ] --END-- [ RunTime:0.007001s ]
SQL: SHOW COLUMNS FROM `news` [ RunTime:0.0156s ]
NOTIC: [8] Undefined variable: _session C:\wamp\www\tpwww\workspace\Application\Common\Common\function.php 第 86 行.
SQL: INSERT INTO `news` (`title`,`small_title`,`thumb`,`title_font_color`,`catid`,`copyfrom`,`description`,`keywords`,`create_time`,`username`) VALUES ('1','1','/upload/2016/08/11/57ac2693eeb0a.png','#5674ed','8','0','1','1','1470899867','') [ RunTime:0.0000s ]
SQL: SHOW COLUMNS FROM `news_content` [ RunTime:0.0000s ]
SQL: INSERT INTO `news_content` (`content`,`create_time`) VALUES ('11','1470899867') [ RunTime:0.0000s ]

[ 2016-08-11T15:18:51+08:00 ] 127.0.0.1 /admin.php?c=content&a=add
INFO: [ app_begin ] --START--
INFO: Run Behavior\ReadHtmlCacheBehavior [ RunTime:0.002000s ]
INFO: [ app_begin ] --END-- [ RunTime:0.004001s ]
SQL: SHOW COLUMNS FROM `news` [ RunTime:0.0080s ]
NOTIC: [8] Undefined variable: _session C:\wamp\www\tpwww\workspace\Application\Common\Common\function.php 第 86 行.
SQL: INSERT INTO `news` (`title`,`small_title`,`thumb`,`title_font_color`,`catid`,`copyfrom`,`description`,`keywords`,`create_time`,`username`) VALUES ('2','2','/upload/2016/08/11/57ac26d543f2d.png','#5674ed','8','0','2','2','1470899931','') [ RunTime:0.0010s ]
SQL: SHOW COLUMNS FROM `news_content` [ RunTime:0.0020s ]
SQL: INSERT INTO `news_content` (`content`,`news_id`,`create_time`) VALUES ('2','31','1470899931') [ RunTime:0.0000s ]

[ 2016-08-11T15:21:53+08:00 ] 127.0.0.1 /admin.php?c=content&a=add
INFO: [ app_begin ] --START--
INFO: Run Behavior\ReadHtmlCacheBehavior [ RunTime:0.002001s ]
INFO: [ app_begin ] --END-- [ RunTime:0.004001s ]
SQL: SHOW COLUMNS FROM `news` [ RunTime:0.0050s ]
NOTIC: [8] Undefined variable: _session C:\wamp\www\tpwww\workspace\Application\Common\Common\function.php 第 86 行.
ERR: 1048:Le champ 'username' ne peut être vide (null)
 [ SQL语句 ] : INSERT INTO `news` (`title`,`small_title`,`thumb`,`title_font_color`,`catid`,`copyfrom`,`description`,`keywords`,`create_time`,`username`) VALUES ('2','2','/upload/2016/08/11/57ac278c0e29d.png','#ed568b','8','0','2','2','1470900113',NULL)
ERR: 1048:Le champ 'username' ne peut être vide (null)
 [ SQL语句 ] : INSERT INTO `news` (`title`,`small_title`,`thumb`,`title_font_color`,`catid`,`copyfrom`,`description`,`keywords`,`create_time`,`username`) VALUES ('2','2','/upload/2016/08/11/57ac278c0e29d.png','#ed568b','8','0','2','2','1470900113',NULL)

[ 2016-08-11T15:22:04+08:00 ] 127.0.0.1 /admin.php?c=content&a=add
INFO: [ app_begin ] --START--
INFO: Run Behavior\ReadHtmlCacheBehavior [ RunTime:0.000000s ]
INFO: [ app_begin ] --END-- [ RunTime:0.000000s ]
SQL: SHOW COLUMNS FROM `news` [ RunTime:0.0000s ]
NOTIC: [8] Undefined variable: _session C:\wamp\www\tpwww\workspace\Application\Common\Common\function.php 第 86 行.
ERR: 1048:Le champ 'username' ne peut être vide (null)
 [ SQL语句 ] : INSERT INTO `news` (`title`,`small_title`,`thumb`,`title_font_color`,`catid`,`copyfrom`,`description`,`keywords`,`create_time`,`username`) VALUES ('2','2','/upload/2016/08/11/57ac278c0e29d.png','#ed568b','8','0','2','2','1470900124',NULL)
ERR: 1048:Le champ 'username' ne peut être vide (null)
 [ SQL语句 ] : INSERT INTO `news` (`title`,`small_title`,`thumb`,`title_font_color`,`catid`,`copyfrom`,`description`,`keywords`,`create_time`,`username`) VALUES ('2','2','/upload/2016/08/11/57ac278c0e29d.png','#ed568b','8','0','2','2','1470900124',NULL)

[ 2016-08-11T15:22:59+08:00 ] 127.0.0.1 /admin.php?c=content&a=add
INFO: [ app_begin ] --START--
INFO: Run Behavior\ReadHtmlCacheBehavior [ RunTime:0.002000s ]
INFO: [ app_begin ] --END-- [ RunTime:0.004000s ]
SQL: SHOW COLUMNS FROM `news` [ RunTime:0.0000s ]
SQL: INSERT INTO `news` (`title`,`small_title`,`thumb`,`title_font_color`,`catid`,`copyfrom`,`description`,`keywords`,`create_time`,`username`) VALUES ('2','2','/upload/2016/08/11/57ac278c0e29d.png','#ed568b','8','0','2','2','1470900179','admin') [ RunTime:0.0000s ]
SQL: SHOW COLUMNS FROM `news_content` [ RunTime:0.0156s ]
SQL: INSERT INTO `news_content` (`content`,`news_id`,`create_time`) VALUES ('22','32','1470900179') [ RunTime:0.0000s ]

[ 2016-08-11T15:24:22+08:00 ] 127.0.0.1 /admin.php?c=content&a=add
INFO: [ app_begin ] --START--
INFO: Run Behavior\ReadHtmlCacheBehavior [ RunTime:0.002000s ]
INFO: [ app_begin ] --END-- [ RunTime:0.003000s ]
SQL: SHOW COLUMNS FROM `news` [ RunTime:0.0070s ]
SQL: INSERT INTO `news` (`title`,`small_title`,`thumb`,`title_font_color`,`catid`,`copyfrom`,`description`,`keywords`,`create_time`,`username`) VALUES ('2','2','/upload/2016/08/11/57ac281f7d963.png','#ed568b','8','0','2','2','1470900262','admin') [ RunTime:0.0010s ]
SQL: SHOW COLUMNS FROM `news_content` [ RunTime:0.0000s ]
SQL: INSERT INTO `news_content` (`content`,`news_id`,`create_time`) VALUES ('22','33','1470900262') [ RunTime:0.0000s ]

[ 2016-08-11T15:53:01+08:00 ] 127.0.0.1 /admin.php?c=content
ERR: Think\Model:getMenu方法不存在！

[ 2016-08-11T16:03:38+08:00 ] 127.0.0.1 /admin.php?c=content
ERR: XML标签语法错误 : name"list" id="new"

[ 2016-08-11T17:27:52+08:00 ] 127.0.0.1 /admin.php?c=content&a=listorder
INFO: [ app_begin ] --START--
INFO: Run Behavior\ReadHtmlCacheBehavior [ RunTime:0.002000s ]
INFO: [ app_begin ] --END-- [ RunTime:0.003000s ]
ERR: 非法操作:listorder

