[ 2016-08-15T09:06:38+08:00 ] 127.0.0.1 /
ERR: 模板不存在:./Application/Home/View/Index/index.html

[ 2016-08-15T11:16:34+08:00 ] 127.0.0.1 /
ERR: 1146:La table 'thinkphp.basic' n'existe pas
 [ SQL语句 ] : SHOW COLUMNS FROM `basic`

[ 2016-08-15T11:16:52+08:00 ] 127.0.0.1 /
ERR: 1146:La table 'thinkphp.basic' n'existe pas
 [ SQL语句 ] : SHOW COLUMNS FROM `basic`

[ 2016-08-15T11:17:10+08:00 ] 127.0.0.1 /index.php
ERR: 1146:La table 'thinkphp.basic' n'existe pas
 [ SQL语句 ] : SHOW COLUMNS FROM `basic`

[ 2016-08-15T11:22:17+08:00 ] 127.0.0.1 /index.php?c=cat&id=8
ERR: 无法加载控制器:Cat

[ 2016-08-15T13:35:44+08:00 ] 127.0.0.1 /index.php?c=cat&id=8
ERR: 无法加载控制器:Cat

[ 2016-08-15T14:10:15+08:00 ] 127.0.0.1 /index.php?c=detail&id=24
ERR: 无法加载控制器:Detail

[ 2016-08-15T14:53:55+08:00 ] 127.0.0.1 /
ERR: Think\Model:getRank方法不存在！

[ 2016-08-15T15:11:29+08:00 ] 127.0.0.1 /
ERR: 1064:Erreur de syntaxe près de '-10,10' à la ligne 1
 [ SQL语句 ] : SELECT * FROM `menu` WHERE `status` <> -1 ORDER BY listorder asc ,menu_id asc LIMIT -10,10  

[ 2016-08-15T16:57:39+08:00 ] 127.0.0.1 /index.php?c=index&a=getCount
INFO: [ app_begin ] --START--
INFO: Run Behavior\ReadHtmlCacheBehavior [ RunTime:0.002000s ]
INFO: [ app_begin ] --END-- [ RunTime:0.003000s ]
NOTIC: [2048] Declaration of Home\Controller\CommonController::error() should be compatible with Think\Controller::error($message = '', $jumpUrl = '', $ajax = false) C:\wamp\www\tpwww\workspace\Application\Home\Controller\CommonController.class.php 第 24 行.
NOTIC: [2048] Declaration of Common\Model\NewsModel::find() should be compatible with Think\Model::find($options = Array) C:\wamp\www\tpwww\workspace\Application\Common\Model\NewsModel.class.php 第 9 行.
SQL: SHOW COLUMNS FROM `news` [ RunTime:0.0060s ]

[ 2016-08-15T16:57:39+08:00 ] 127.0.0.1 /index.php?c=index&a=getCount
INFO: [ app_begin ] --START--
INFO: Run Behavior\ReadHtmlCacheBehavior [ RunTime:0.001000s ]
INFO: [ app_begin ] --END-- [ RunTime:0.003000s ]
NOTIC: [2048] Declaration of Home\Controller\CommonController::error() should be compatible with Think\Controller::error($message = '', $jumpUrl = '', $ajax = false) C:\wamp\www\tpwww\workspace\Application\Home\Controller\CommonController.class.php 第 24 行.
NOTIC: [2048] Declaration of Common\Model\NewsModel::find() should be compatible with Think\Model::find($options = Array) C:\wamp\www\tpwww\workspace\Application\Common\Model\NewsModel.class.php 第 9 行.
SQL: SHOW COLUMNS FROM `news` [ RunTime:0.0060s ]

[ 2016-08-15T16:57:40+08:00 ] 127.0.0.1 /index.php?c=index&a=getCount
INFO: [ app_begin ] --START--
INFO: Run Behavior\ReadHtmlCacheBehavior [ RunTime:0.002000s ]
INFO: [ app_begin ] --END-- [ RunTime:0.004000s ]
NOTIC: [2048] Declaration of Home\Controller\CommonController::error() should be compatible with Think\Controller::error($message = '', $jumpUrl = '', $ajax = false) C:\wamp\www\tpwww\workspace\Application\Home\Controller\CommonController.class.php 第 24 行.
NOTIC: [2048] Declaration of Common\Model\NewsModel::find() should be compatible with Think\Model::find($options = Array) C:\wamp\www\tpwww\workspace\Application\Common\Model\NewsModel.class.php 第 9 行.
SQL: SHOW COLUMNS FROM `news` [ RunTime:0.0070s ]

[ 2016-08-15T16:58:00+08:00 ] 127.0.0.1 /index.php?c=index&a=getCount
INFO: [ app_begin ] --START--
INFO: Run Behavior\ReadHtmlCacheBehavior [ RunTime:0.002000s ]
INFO: [ app_begin ] --END-- [ RunTime:0.003000s ]
NOTIC: [2048] Declaration of Home\Controller\CommonController::error() should be compatible with Think\Controller::error($message = '', $jumpUrl = '', $ajax = false) C:\wamp\www\tpwww\workspace\Application\Home\Controller\CommonController.class.php 第 24 行.
NOTIC: [2048] Declaration of Common\Model\NewsModel::find() should be compatible with Think\Model::find($options = Array) C:\wamp\www\tpwww\workspace\Application\Common\Model\NewsModel.class.php 第 9 行.
SQL: SHOW COLUMNS FROM `news` [ RunTime:0.0060s ]

[ 2016-08-15T16:58:03+08:00 ] 127.0.0.1 /index.php?c=index&a=getCount
INFO: [ app_begin ] --START--
INFO: Run Behavior\ReadHtmlCacheBehavior [ RunTime:0.002000s ]
INFO: [ app_begin ] --END-- [ RunTime:0.003000s ]
NOTIC: [2048] Declaration of Home\Controller\CommonController::error() should be compatible with Think\Controller::error($message = '', $jumpUrl = '', $ajax = false) C:\wamp\www\tpwww\workspace\Application\Home\Controller\CommonController.class.php 第 24 行.
NOTIC: [2048] Declaration of Common\Model\NewsModel::find() should be compatible with Think\Model::find($options = Array) C:\wamp\www\tpwww\workspace\Application\Common\Model\NewsModel.class.php 第 9 行.
SQL: SHOW COLUMNS FROM `news` [ RunTime:0.0060s ]

[ 2016-08-15T16:58:11+08:00 ] 127.0.0.1 /index.php?c=index&a=getCount
INFO: [ app_begin ] --START--
INFO: Run Behavior\ReadHtmlCacheBehavior [ RunTime:0.003001s ]
INFO: [ app_begin ] --END-- [ RunTime:0.004001s ]
NOTIC: [2048] Declaration of Home\Controller\CommonController::error() should be compatible with Think\Controller::error($message = '', $jumpUrl = '', $ajax = false) C:\wamp\www\tpwww\workspace\Application\Home\Controller\CommonController.class.php 第 24 行.
NOTIC: [2048] Declaration of Common\Model\NewsModel::find() should be compatible with Think\Model::find($options = Array) C:\wamp\www\tpwww\workspace\Application\Common\Model\NewsModel.class.php 第 9 行.
SQL: SHOW COLUMNS FROM `news` [ RunTime:0.0070s ]

[ 2016-08-15T16:58:15+08:00 ] 127.0.0.1 /index.php?c=index&a=getCount
INFO: [ app_begin ] --START--
INFO: Run Behavior\ReadHtmlCacheBehavior [ RunTime:0.002000s ]
INFO: [ app_begin ] --END-- [ RunTime:0.002000s ]
NOTIC: [2048] Declaration of Home\Controller\CommonController::error() should be compatible with Think\Controller::error($message = '', $jumpUrl = '', $ajax = false) C:\wamp\www\tpwww\workspace\Application\Home\Controller\CommonController.class.php 第 24 行.
NOTIC: [2048] Declaration of Common\Model\NewsModel::find() should be compatible with Think\Model::find($options = Array) C:\wamp\www\tpwww\workspace\Application\Common\Model\NewsModel.class.php 第 9 行.
SQL: SHOW COLUMNS FROM `news` [ RunTime:0.0050s ]

[ 2016-08-15T16:59:21+08:00 ] 127.0.0.1 /index.php?c=index&a=getCount
INFO: [ app_begin ] --START--
INFO: Run Behavior\ReadHtmlCacheBehavior [ RunTime:0.002000s ]
INFO: [ app_begin ] --END-- [ RunTime:0.004000s ]
NOTIC: [2048] Declaration of Home\Controller\CommonController::error() should be compatible with Think\Controller::error($message = '', $jumpUrl = '', $ajax = false) C:\wamp\www\tpwww\workspace\Application\Home\Controller\CommonController.class.php 第 24 行.
NOTIC: [2048] Declaration of Common\Model\NewsModel::find() should be compatible with Think\Model::find($options = Array) C:\wamp\www\tpwww\workspace\Application\Common\Model\NewsModel.class.php 第 9 行.
SQL: SHOW COLUMNS FROM `news` [ RunTime:0.0050s ]

[ 2016-08-15T16:59:47+08:00 ] 127.0.0.1 /index.php?c=index&a=getCount
INFO: [ app_begin ] --START--
INFO: Run Behavior\ReadHtmlCacheBehavior [ RunTime:0.001000s ]
INFO: [ app_begin ] --END-- [ RunTime:0.004000s ]
NOTIC: [2048] Declaration of Home\Controller\CommonController::error() should be compatible with Think\Controller::error($message = '', $jumpUrl = '', $ajax = false) C:\wamp\www\tpwww\workspace\Application\Home\Controller\CommonController.class.php 第 24 行.
NOTIC: [2048] Declaration of Common\Model\NewsModel::find() should be compatible with Think\Model::find($options = Array) C:\wamp\www\tpwww\workspace\Application\Common\Model\NewsModel.class.php 第 9 行.
SQL: SHOW COLUMNS FROM `news` [ RunTime:0.0060s ]

[ 2016-08-15T17:00:50+08:00 ] 127.0.0.1 /index.php?c=index&a=getCount
INFO: [ app_begin ] --START--
INFO: Run Behavior\ReadHtmlCacheBehavior [ RunTime:0.001000s ]
INFO: [ app_begin ] --END-- [ RunTime:0.002000s ]
NOTIC: [2048] Declaration of Home\Controller\CommonController::error() should be compatible with Think\Controller::error($message = '', $jumpUrl = '', $ajax = false) C:\wamp\www\tpwww\workspace\Application\Home\Controller\CommonController.class.php 第 24 行.
NOTIC: [2048] Declaration of Common\Model\NewsModel::find() should be compatible with Think\Model::find($options = Array) C:\wamp\www\tpwww\workspace\Application\Common\Model\NewsModel.class.php 第 9 行.
SQL: SHOW COLUMNS FROM `news` [ RunTime:0.0050s ]

[ 2016-08-15T17:01:51+08:00 ] 127.0.0.1 /index.php?c=index&a=getCount
INFO: [ app_begin ] --START--
INFO: Run Behavior\ReadHtmlCacheBehavior [ RunTime:0.001000s ]
INFO: [ app_begin ] --END-- [ RunTime:0.002000s ]
NOTIC: [2048] Declaration of Home\Controller\CommonController::error() should be compatible with Think\Controller::error($message = '', $jumpUrl = '', $ajax = false) C:\wamp\www\tpwww\workspace\Application\Home\Controller\CommonController.class.php 第 24 行.
NOTIC: [2048] Declaration of Common\Model\NewsModel::find() should be compatible with Think\Model::find($options = Array) C:\wamp\www\tpwww\workspace\Application\Common\Model\NewsModel.class.php 第 9 行.
SQL: SHOW COLUMNS FROM `news` [ RunTime:0.0060s ]

[ 2016-08-15T17:02:09+08:00 ] 127.0.0.1 /index.php?c=index&a=getCount
INFO: [ app_begin ] --START--
INFO: Run Behavior\ReadHtmlCacheBehavior [ RunTime:0.002000s ]
INFO: [ app_begin ] --END-- [ RunTime:0.003000s ]
NOTIC: [2048] Declaration of Home\Controller\CommonController::error() should be compatible with Think\Controller::error($message = '', $jumpUrl = '', $ajax = false) C:\wamp\www\tpwww\workspace\Application\Home\Controller\CommonController.class.php 第 24 行.
NOTIC: [2048] Declaration of Common\Model\NewsModel::find() should be compatible with Think\Model::find($options = Array) C:\wamp\www\tpwww\workspace\Application\Common\Model\NewsModel.class.php 第 9 行.
SQL: SHOW COLUMNS FROM `news` [ RunTime:0.0040s ]

[ 2016-08-15T17:02:50+08:00 ] 127.0.0.1 /index.php?c=index&a=getCount
INFO: [ app_begin ] --START--
INFO: Run Behavior\ReadHtmlCacheBehavior [ RunTime:0.002000s ]
INFO: [ app_begin ] --END-- [ RunTime:0.003000s ]
NOTIC: [2048] Declaration of Home\Controller\CommonController::error() should be compatible with Think\Controller::error($message = '', $jumpUrl = '', $ajax = false) C:\wamp\www\tpwww\workspace\Application\Home\Controller\CommonController.class.php 第 24 行.
NOTIC: [2048] Declaration of Common\Model\NewsModel::find() should be compatible with Think\Model::find($options = Array) C:\wamp\www\tpwww\workspace\Application\Common\Model\NewsModel.class.php 第 9 行.
SQL: SHOW COLUMNS FROM `news` [ RunTime:0.0050s ]

[ 2016-08-15T17:02:52+08:00 ] 127.0.0.1 /index.php?c=index&a=getCount
INFO: [ app_begin ] --START--
INFO: Run Behavior\ReadHtmlCacheBehavior [ RunTime:0.009000s ]
INFO: [ app_begin ] --END-- [ RunTime:0.010000s ]
NOTIC: [2048] Declaration of Home\Controller\CommonController::error() should be compatible with Think\Controller::error($message = '', $jumpUrl = '', $ajax = false) C:\wamp\www\tpwww\workspace\Application\Home\Controller\CommonController.class.php 第 24 行.
NOTIC: [2048] Declaration of Common\Model\NewsModel::find() should be compatible with Think\Model::find($options = Array) C:\wamp\www\tpwww\workspace\Application\Common\Model\NewsModel.class.php 第 9 行.
SQL: SHOW COLUMNS FROM `news` [ RunTime:0.0050s ]

[ 2016-08-15T17:03:04+08:00 ] 127.0.0.1 /index.php?c=index&a=getCount
INFO: [ app_begin ] --START--
INFO: Run Behavior\ReadHtmlCacheBehavior [ RunTime:0.002000s ]
INFO: [ app_begin ] --END-- [ RunTime:0.003000s ]
NOTIC: [2048] Declaration of Home\Controller\CommonController::error() should be compatible with Think\Controller::error($message = '', $jumpUrl = '', $ajax = false) C:\wamp\www\tpwww\workspace\Application\Home\Controller\CommonController.class.php 第 24 行.
NOTIC: [2048] Declaration of Common\Model\NewsModel::find() should be compatible with Think\Model::find($options = Array) C:\wamp\www\tpwww\workspace\Application\Common\Model\NewsModel.class.php 第 9 行.
SQL: SHOW COLUMNS FROM `news` [ RunTime:0.0060s ]

[ 2016-08-15T17:04:11+08:00 ] 127.0.0.1 /index.php?c=index&a=getCount
INFO: [ app_begin ] --START--
INFO: Run Behavior\ReadHtmlCacheBehavior [ RunTime:0.001000s ]
INFO: [ app_begin ] --END-- [ RunTime:0.002001s ]
NOTIC: [2048] Declaration of Home\Controller\CommonController::error() should be compatible with Think\Controller::error($message = '', $jumpUrl = '', $ajax = false) C:\wamp\www\tpwww\workspace\Application\Home\Controller\CommonController.class.php 第 24 行.
NOTIC: [2048] Declaration of Common\Model\NewsModel::find() should be compatible with Think\Model::find($options = Array) C:\wamp\www\tpwww\workspace\Application\Common\Model\NewsModel.class.php 第 9 行.
SQL: SHOW COLUMNS FROM `news` [ RunTime:0.0040s ]

[ 2016-08-15T17:05:35+08:00 ] 127.0.0.1 /index.php?c=index&a=getCount
INFO: [ app_begin ] --START--
INFO: Run Behavior\ReadHtmlCacheBehavior [ RunTime:0.002001s ]
INFO: [ app_begin ] --END-- [ RunTime:0.002001s ]
NOTIC: [2048] Declaration of Home\Controller\CommonController::error() should be compatible with Think\Controller::error($message = '', $jumpUrl = '', $ajax = false) C:\wamp\www\tpwww\workspace\Application\Home\Controller\CommonController.class.php 第 24 行.
NOTIC: [2048] Declaration of Common\Model\NewsModel::find() should be compatible with Think\Model::find($options = Array) C:\wamp\www\tpwww\workspace\Application\Common\Model\NewsModel.class.php 第 9 行.
SQL: SHOW COLUMNS FROM `news` [ RunTime:0.0040s ]
SQL: SELECT * FROM `news` WHERE `news_id` IN ('24','33','23','22','21','20','18','17')  [ RunTime:0.0010s ]

[ 2016-08-15T17:05:39+08:00 ] 127.0.0.1 /index.php?c=index&a=getCount
INFO: [ app_begin ] --START--
INFO: Run Behavior\ReadHtmlCacheBehavior [ RunTime:0.001000s ]
INFO: [ app_begin ] --END-- [ RunTime:0.002000s ]
NOTIC: [2048] Declaration of Home\Controller\CommonController::error() should be compatible with Think\Controller::error($message = '', $jumpUrl = '', $ajax = false) C:\wamp\www\tpwww\workspace\Application\Home\Controller\CommonController.class.php 第 24 行.
NOTIC: [2048] Declaration of Common\Model\NewsModel::find() should be compatible with Think\Model::find($options = Array) C:\wamp\www\tpwww\workspace\Application\Common\Model\NewsModel.class.php 第 9 行.
SQL: SHOW COLUMNS FROM `news` [ RunTime:0.0050s ]
SQL: SELECT * FROM `news` WHERE `news_id` IN ('24','33','23','22','21','20','18','17')  [ RunTime:0.0000s ]

[ 2016-08-15T17:07:22+08:00 ] 127.0.0.1 /index.php?c=index&a=getCount
INFO: [ app_begin ] --START--
INFO: Run Behavior\ReadHtmlCacheBehavior [ RunTime:0.003000s ]
INFO: [ app_begin ] --END-- [ RunTime:0.004000s ]
NOTIC: [2048] Declaration of Home\Controller\CommonController::error() should be compatible with Think\Controller::error($message = '', $jumpUrl = '', $ajax = false) C:\wamp\www\tpwww\workspace\Application\Home\Controller\CommonController.class.php 第 24 行.
NOTIC: [2048] Declaration of Common\Model\NewsModel::find() should be compatible with Think\Model::find($options = Array) C:\wamp\www\tpwww\workspace\Application\Common\Model\NewsModel.class.php 第 9 行.
SQL: SHOW COLUMNS FROM `news` [ RunTime:0.0070s ]
SQL: SELECT * FROM `news` WHERE `news_id` IN ('24','33','23','22','21','20','18','17')  [ RunTime:0.0000s ]

